  [1m[35m (13.9ms)[0m  [1m[34mSELECT pg_try_advisory_lock(7229375787370354800);[0m
  [1m[36mActiveRecord::SchemaMigration Load (0.7ms)[0m  [1m[34mSELECT "schema_migrations".* FROM "schema_migrations"[0m
  [1m[36mActiveRecord::InternalMetadata Load (40.5ms)[0m  [1m[34mSELECT  "ar_internal_metadata".* FROM "ar_internal_metadata" WHERE "ar_internal_metadata"."key" = $1 LIMIT $2[0m  [["key", :environment], ["LIMIT", 1]]
  [1m[35m (0.9ms)[0m  [1m[35mBEGIN[0m
  [1m[35m (0.7ms)[0m  [1m[35mCOMMIT[0m
  [1m[35m (0.9ms)[0m  [1m[34mSELECT pg_advisory_unlock(7229375787370354800)[0m
  [1m[36mActiveRecord::SchemaMigration Load (0.7ms)[0m  [1m[34mSELECT "schema_migrations".* FROM "schema_migrations"[0m
Started GET "/" for 127.0.0.1 at 2017-05-13 23:07:57 -0300
  [1m[36mActiveRecord::SchemaMigration Load (1.0ms)[0m  [1m[34mSELECT "schema_migrations".* FROM "schema_migrations"[0m
Processing by WelcomeController#index as HTML
  Rendering welcome/index.html.erb within layouts/application
  Rendered welcome/index.html.erb within layouts/application (36.1ms)
  [1m[36mUser Load (0.9ms)[0m  [1m[34mSELECT  "users".* FROM "users" WHERE "users"."id" = $1 LIMIT $2[0m  [["id", 6], ["LIMIT", 1]]
  Rendered layouts/_userbar.html.erb (384.2ms)
Completed 200 OK in 10942ms (Views: 10718.6ms | ActiveRecord: 12.0ms)


Started GET "/proyects" for 127.0.0.1 at 2017-05-13 23:08:18 -0300
Processing by ProyectsController#index as HTML
  Rendering proyects/index.html.erb within layouts/application
  [1m[36mProyect Load (1.1ms)[0m  [1m[34mSELECT "proyects".* FROM "proyects"[0m
  [1m[36mUser Load (1.0ms)[0m  [1m[34mSELECT  "users".* FROM "users" WHERE "users"."id" = $1 LIMIT $2[0m  [["id", 6], ["LIMIT", 1]]
  Rendered proyects/_preview.html.erb (5.7ms)
  Rendered proyects/_preview.html.erb (0.9ms)
  Rendered proyects/_preview.html.erb (0.8ms)
  Rendered proyects/_preview.html.erb (0.5ms)
  Rendered proyects/_preview.html.erb (2.4ms)
  Rendered proyects/_preview.html.erb (0.7ms)
  Rendered proyects/_preview.html.erb (0.4ms)
  Rendered proyects/_preview.html.erb (0.6ms)
  Rendered proyects/_preview.html.erb (0.6ms)
  Rendered proyects/_preview.html.erb (0.4ms)
  Rendered proyects/_preview.html.erb (0.5ms)
  Rendered proyects/_preview.html.erb (0.7ms)
  Rendered proyects/_preview.html.erb (0.6ms)
  Rendered proyects/_preview.html.erb (0.4ms)
  Rendered proyects/_preview.html.erb (0.4ms)
  Rendered proyects/_preview.html.erb (0.6ms)
  Rendered proyects/_preview.html.erb (0.5ms)
  Rendered proyects/_preview.html.erb (0.6ms)
  Rendered proyects/_preview.html.erb (1.0ms)
  Rendered proyects/_preview.html.erb (1.1ms)
  Rendered proyects/_preview.html.erb (1.0ms)
  Rendered proyects/_preview.html.erb (9.6ms)
  Rendered proyects/_preview.html.erb (0.3ms)
  Rendered proyects/_preview.html.erb (0.3ms)
  Rendered proyects/_preview.html.erb (1.9ms)
  Rendered proyects/_preview.html.erb (0.3ms)
  Rendered proyects/_preview.html.erb (0.5ms)
  Rendered proyects/_preview.html.erb (1.1ms)
  Rendered proyects/_preview.html.erb (0.5ms)
  Rendered proyects/_preview.html.erb (0.7ms)
  Rendered proyects/index.html.erb within layouts/application (4900.7ms)
  Rendered layouts/_userbar.html.erb (7.9ms)
Completed 200 OK in 7110ms (Views: 6803.1ms | ActiveRecord: 7.5ms)


Started GET "/proyects/2" for 127.0.0.1 at 2017-05-13 23:08:46 -0300
Processing by ProyectsController#show as HTML
  Parameters: {"id"=>"2"}
  [1m[36mProyect Load (0.6ms)[0m  [1m[34mSELECT  "proyects".* FROM "proyects" WHERE "proyects"."id" = $1 LIMIT $2[0m  [["id", 2], ["LIMIT", 1]]
  Rendering proyects/show.html.erb within layouts/application
  Rendered proyects/show.html.erb within layouts/application (1.5ms)
Completed 500 Internal Server Error in 540ms (ActiveRecord: 4.9ms)


  
SyntaxError (/media/sf_shared/grupo-11/app/views/proyects/show.html.erb:17: syntax error, unexpected '=', expecting =>
proyect, :proyect => {:score = @proyect.score++ }), :method 
                              ^
/media/sf_shared/grupo-11/app/views/proyects/show.html.erb:17: syntax error, unexpected '}'
> {:score = @proyect.score++ }), :method :put );@output_buff
                              ^
/media/sf_shared/grupo-11/app/views/proyects/show.html.erb:24: syntax error, unexpected keyword_do_block, expecting keyword_end
oyect.comments.reverse.each do |comment| 
                              ^
/media/sf_shared/grupo-11/app/views/proyects/show.html.erb:32: syntax error, unexpected keyword_ensure, expecting end-of-input
          ensure
                ^):
  
app/views/proyects/show.html.erb:17: syntax error, unexpected '=', expecting =>
app/views/proyects/show.html.erb:17: syntax error, unexpected '}'
app/views/proyects/show.html.erb:24: syntax error, unexpected keyword_do_block, expecting keyword_end
app/views/proyects/show.html.erb:32: syntax error, unexpected keyword_ensure, expecting end-of-input
  Rendering /home/niv/.rbenv/versions/2.4.0/lib/ruby/gems/2.4.0/gems/actionpack-5.0.2/lib/action_dispatch/middleware/templates/rescues/diagnostics.html.erb within rescues/layout
  Rendering /home/niv/.rbenv/versions/2.4.0/lib/ruby/gems/2.4.0/gems/actionpack-5.0.2/lib/action_dispatch/middleware/templates/rescues/_source.html.erb
  Rendered /home/niv/.rbenv/versions/2.4.0/lib/ruby/gems/2.4.0/gems/actionpack-5.0.2/lib/action_dispatch/middleware/templates/rescues/_source.html.erb (7.7ms)
  Rendering /home/niv/.rbenv/versions/2.4.0/lib/ruby/gems/2.4.0/gems/actionpack-5.0.2/lib/action_dispatch/middleware/templates/rescues/_trace.html.erb
  Rendered /home/niv/.rbenv/versions/2.4.0/lib/ruby/gems/2.4.0/gems/actionpack-5.0.2/lib/action_dispatch/middleware/templates/rescues/_trace.html.erb (2.4ms)
  Rendering /home/niv/.rbenv/versions/2.4.0/lib/ruby/gems/2.4.0/gems/actionpack-5.0.2/lib/action_dispatch/middleware/templates/rescues/_request_and_response.html.erb
  Rendered /home/niv/.rbenv/versions/2.4.0/lib/ruby/gems/2.4.0/gems/actionpack-5.0.2/lib/action_dispatch/middleware/templates/rescues/_request_and_response.html.erb (1.0ms)
  Rendered /home/niv/.rbenv/versions/2.4.0/lib/ruby/gems/2.4.0/gems/actionpack-5.0.2/lib/action_dispatch/middleware/templates/rescues/diagnostics.html.erb within rescues/layout (36.8ms)
Started GET "/proyects/2" for 127.0.0.1 at 2017-05-13 23:10:04 -0300
Processing by ProyectsController#show as HTML
  Parameters: {"id"=>"2"}
  [1m[36mProyect Load (0.8ms)[0m  [1m[34mSELECT  "proyects".* FROM "proyects" WHERE "proyects"."id" = $1 LIMIT $2[0m  [["id", 2], ["LIMIT", 1]]
  Rendering proyects/show.html.erb within layouts/application
  [1m[36mUser Load (1.0ms)[0m  [1m[34mSELECT  "users".* FROM "users" WHERE "users"."id" = $1 LIMIT $2[0m  [["id", 6], ["LIMIT", 1]]
  [1m[36mComment Load (0.8ms)[0m  [1m[34mSELECT "comments".* FROM "comments" WHERE "comments"."proyect_id" = $1[0m  [["proyect_id", 2]]
  [1m[36mCACHE (0.0ms)[0m  [1m[34mSELECT  "users".* FROM "users" WHERE "users"."id" = $1 LIMIT $2[0m  [["id", 6], ["LIMIT", 1]]
  Rendered comments/_preview.html.erb (138.1ms)
  [1m[36mCACHE (0.0ms)[0m  [1m[34mSELECT  "users".* FROM "users" WHERE "users"."id" = $1 LIMIT $2[0m  [["id", 6], ["LIMIT", 1]]
  Rendered comments/_preview.html.erb (5.7ms)
  [1m[36mUser Load (0.6ms)[0m  [1m[34mSELECT  "users".* FROM "users" WHERE "users"."id" = $1 LIMIT $2[0m  [["id", 4], ["LIMIT", 1]]
  Rendered comments/_preview.html.erb (5.1ms)
  Rendered comments/_form_create_on_project_page.html.erb (859.5ms)
  Rendered proyects/show.html.erb within layouts/application (2187.3ms)
  Rendered layouts/_userbar.html.erb (0.9ms)
Completed 200 OK in 4366ms (Views: 4225.6ms | ActiveRecord: 8.1ms)


Started PUT "/proyects/2?proyect%5Bscore%5D=87" for 127.0.0.1 at 2017-05-13 23:10:12 -0300
Processing by ProyectsController#update as HTML
  Parameters: {"authenticity_token"=>"9GmpFAWrqlSsa1HX3dp9ezioEdoha2Gw56YtRb6u0rLhkXQifjZ031YvbDteq6Dcmd9WpWAkwq77mluEl1p6HA==", "proyect"=>{"score"=>"87"}, "id"=>"2"}
  [1m[36mProyect Load (0.8ms)[0m  [1m[34mSELECT  "proyects".* FROM "proyects" WHERE "proyects"."id" = $1 LIMIT $2[0m  [["id", 2], ["LIMIT", 1]]
  [1m[36mUser Load (1.3ms)[0m  [1m[34mSELECT  "users".* FROM "users" WHERE "users"."id" = $1 LIMIT $2[0m  [["id", 6], ["LIMIT", 1]]
  [1m[35m (0.6ms)[0m  [1m[35mBEGIN[0m
  [1m[36mCategory Load (1.0ms)[0m  [1m[34mSELECT  "categories".* FROM "categories" WHERE "categories"."id" = $1 LIMIT $2[0m  [["id", 1], ["LIMIT", 1]]
  [1m[35mSQL (0.8ms)[0m  [1m[33mUPDATE "proyects" SET "score" = $1, "updated_at" = $2 WHERE "proyects"."id" = $3[0m  [["score", 87], ["updated_at", 2017-05-14 02:10:12 UTC], ["id", 2]]
  [1m[35m (39.2ms)[0m  [1m[35mCOMMIT[0m
Redirected to http://localhost:3000/proyects/2
Completed 302 Found in 324ms (ActiveRecord: 50.9ms)


Started GET "/proyects/2" for 127.0.0.1 at 2017-05-13 23:10:12 -0300
Processing by ProyectsController#show as HTML
  Parameters: {"id"=>"2"}
  [1m[36mProyect Load (2.2ms)[0m  [1m[34mSELECT  "proyects".* FROM "proyects" WHERE "proyects"."id" = $1 LIMIT $2[0m  [["id", 2], ["LIMIT", 1]]
  Rendering proyects/show.html.erb within layouts/application
  [1m[36mUser Load (3.3ms)[0m  [1m[34mSELECT  "users".* FROM "users" WHERE "users"."id" = $1 LIMIT $2[0m  [["id", 6], ["LIMIT", 1]]
  [1m[36mComment Load (1.3ms)[0m  [1m[34mSELECT "comments".* FROM "comments" WHERE "comments"."proyect_id" = $1[0m  [["proyect_id", 2]]
  [1m[36mCACHE (0.0ms)[0m  [1m[34mSELECT  "users".* FROM "users" WHERE "users"."id" = $1 LIMIT $2[0m  [["id", 6], ["LIMIT", 1]]
  Rendered comments/_preview.html.erb (5.1ms)
  [1m[36mCACHE (0.0ms)[0m  [1m[34mSELECT  "users".* FROM "users" WHERE "users"."id" = $1 LIMIT $2[0m  [["id", 6], ["LIMIT", 1]]
  Rendered comments/_preview.html.erb (4.1ms)
  [1m[36mUser Load (0.9ms)[0m  [1m[34mSELECT  "users".* FROM "users" WHERE "users"."id" = $1 LIMIT $2[0m  [["id", 4], ["LIMIT", 1]]
  Rendered comments/_preview.html.erb (4.5ms)
  Rendered comments/_form_create_on_project_page.html.erb (1.8ms)
  Rendered proyects/show.html.erb within layouts/application (666.7ms)
  Rendered layouts/_userbar.html.erb (6.6ms)
Completed 200 OK in 2727ms (Views: 2573.5ms | ActiveRecord: 7.7ms)


Started PUT "/proyects/2?proyect%5Bscore%5D=88" for 127.0.0.1 at 2017-05-13 23:10:20 -0300
Processing by ProyectsController#update as HTML
  Parameters: {"authenticity_token"=>"wXwunNxQpBKByEZLweJSOIKoVQ8xP49TDxJbA+VcgxvUhPOqp816mXuMe6dCk4+fI98ScHBwLE0TLi3CzKgrtQ==", "proyect"=>{"score"=>"88"}, "id"=>"2"}
  [1m[36mProyect Load (0.3ms)[0m  [1m[34mSELECT  "proyects".* FROM "proyects" WHERE "proyects"."id" = $1 LIMIT $2[0m  [["id", 2], ["LIMIT", 1]]
  [1m[36mUser Load (0.3ms)[0m  [1m[34mSELECT  "users".* FROM "users" WHERE "users"."id" = $1 LIMIT $2[0m  [["id", 6], ["LIMIT", 1]]
  [1m[35m (0.1ms)[0m  [1m[35mBEGIN[0m
  [1m[36mCategory Load (0.2ms)[0m  [1m[34mSELECT  "categories".* FROM "categories" WHERE "categories"."id" = $1 LIMIT $2[0m  [["id", 1], ["LIMIT", 1]]
  [1m[35mSQL (0.3ms)[0m  [1m[33mUPDATE "proyects" SET "score" = $1, "updated_at" = $2 WHERE "proyects"."id" = $3[0m  [["score", 88], ["updated_at", 2017-05-14 02:10:20 UTC], ["id", 2]]
  [1m[35m (4.3ms)[0m  [1m[35mCOMMIT[0m
Redirected to http://localhost:3000/proyects/2
Completed 302 Found in 20ms (ActiveRecord: 5.5ms)


Started GET "/proyects/2" for 127.0.0.1 at 2017-05-13 23:10:20 -0300
Processing by ProyectsController#show as HTML
  Parameters: {"id"=>"2"}
  [1m[36mProyect Load (0.7ms)[0m  [1m[34mSELECT  "proyects".* FROM "proyects" WHERE "proyects"."id" = $1 LIMIT $2[0m  [["id", 2], ["LIMIT", 1]]
  Rendering proyects/show.html.erb within layouts/application
  [1m[36mUser Load (0.5ms)[0m  [1m[34mSELECT  "users".* FROM "users" WHERE "users"."id" = $1 LIMIT $2[0m  [["id", 6], ["LIMIT", 1]]
  [1m[36mComment Load (0.2ms)[0m  [1m[34mSELECT "comments".* FROM "comments" WHERE "comments"."proyect_id" = $1[0m  [["proyect_id", 2]]
  [1m[36mCACHE (0.0ms)[0m  [1m[34mSELECT  "users".* FROM "users" WHERE "users"."id" = $1 LIMIT $2[0m  [["id", 6], ["LIMIT", 1]]
  Rendered comments/_preview.html.erb (5.8ms)
  [1m[36mCACHE (0.0ms)[0m  [1m[34mSELECT  "users".* FROM "users" WHERE "users"."id" = $1 LIMIT $2[0m  [["id", 6], ["LIMIT", 1]]
  Rendered comments/_preview.html.erb (2.3ms)
  [1m[36mUser Load (0.8ms)[0m  [1m[34mSELECT  "users".* FROM "users" WHERE "users"."id" = $1 LIMIT $2[0m  [["id", 4], ["LIMIT", 1]]
  Rendered comments/_preview.html.erb (3.3ms)
  Rendered comments/_form_create_on_project_page.html.erb (2.0ms)
  Rendered proyects/show.html.erb within layouts/application (634.6ms)
  Rendered layouts/_userbar.html.erb (3.6ms)
Completed 200 OK in 2786ms (Views: 2618.4ms | ActiveRecord: 2.2ms)


  [1m[35m (0.3ms)[0m  [1m[34mSELECT pg_try_advisory_lock(7229375787370354800);[0m
  [1m[36mActiveRecord::SchemaMigration Load (1.0ms)[0m  [1m[34mSELECT "schema_migrations".* FROM "schema_migrations"[0m
  [1m[36mActiveRecord::InternalMetadata Load (1.3ms)[0m  [1m[34mSELECT  "ar_internal_metadata".* FROM "ar_internal_metadata" WHERE "ar_internal_metadata"."key" = $1 LIMIT $2[0m  [["key", :environment], ["LIMIT", 1]]
  [1m[35m (1.2ms)[0m  [1m[35mBEGIN[0m
  [1m[35m (1.0ms)[0m  [1m[35mCOMMIT[0m
  [1m[35m (1.0ms)[0m  [1m[34mSELECT pg_advisory_unlock(7229375787370354800)[0m
  [1m[36mActiveRecord::SchemaMigration Load (0.6ms)[0m  [1m[34mSELECT "schema_migrations".* FROM "schema_migrations"[0m
Started GET "/proyects/2" for 127.0.0.1 at 2017-05-13 23:17:58 -0300
  
PG::ConnectionBad (fe_sendauth: no password supplied
):
  
activerecord (5.0.2) lib/active_record/connection_adapters/postgresql_adapter.rb:671:in `initialize'
activerecord (5.0.2) lib/active_record/connection_adapters/postgresql_adapter.rb:671:in `new'
activerecord (5.0.2) lib/active_record/connection_adapters/postgresql_adapter.rb:671:in `connect'
activerecord (5.0.2) lib/active_record/connection_adapters/postgresql_adapter.rb:217:in `initialize'
activerecord (5.0.2) lib/active_record/connection_adapters/postgresql_adapter.rb:37:in `new'
activerecord (5.0.2) lib/active_record/connection_adapters/postgresql_adapter.rb:37:in `postgresql_connection'
activerecord (5.0.2) lib/active_record/connection_adapters/abstract/connection_pool.rb:729:in `new_connection'
activerecord (5.0.2) lib/active_record/connection_adapters/abstract/connection_pool.rb:773:in `checkout_new_connection'
activerecord (5.0.2) lib/active_record/connection_adapters/abstract/connection_pool.rb:752:in `try_to_checkout_new_connection'
activerecord (5.0.2) lib/active_record/connection_adapters/abstract/connection_pool.rb:713:in `acquire_connection'
activerecord (5.0.2) lib/active_record/connection_adapters/abstract/connection_pool.rb:490:in `checkout'
activerecord (5.0.2) lib/active_record/connection_adapters/abstract/connection_pool.rb:364:in `connection'
activerecord (5.0.2) lib/active_record/connection_adapters/abstract/connection_pool.rb:883:in `retrieve_connection'
activerecord (5.0.2) lib/active_record/connection_handling.rb:128:in `retrieve_connection'
activerecord (5.0.2) lib/active_record/connection_handling.rb:91:in `connection'
activerecord (5.0.2) lib/active_record/migration.rb:559:in `connection'
activerecord (5.0.2) lib/active_record/migration.rb:546:in `call'
actionpack (5.0.2) lib/action_dispatch/middleware/callbacks.rb:38:in `block in call'
activesupport (5.0.2) lib/active_support/callbacks.rb:97:in `__run_callbacks__'
activesupport (5.0.2) lib/active_support/callbacks.rb:750:in `_run_call_callbacks'
activesupport (5.0.2) lib/active_support/callbacks.rb:90:in `run_callbacks'
actionpack (5.0.2) lib/action_dispatch/middleware/callbacks.rb:36:in `call'
actionpack (5.0.2) lib/action_dispatch/middleware/executor.rb:12:in `call'
actionpack (5.0.2) lib/action_dispatch/middleware/remote_ip.rb:79:in `call'
actionpack (5.0.2) lib/action_dispatch/middleware/debug_exceptions.rb:49:in `call'
web-console (3.5.0) lib/web_console/middleware.rb:135:in `call_app'
web-console (3.5.0) lib/web_console/middleware.rb:28:in `block in call'
web-console (3.5.0) lib/web_console/middleware.rb:18:in `catch'
web-console (3.5.0) lib/web_console/middleware.rb:18:in `call'
actionpack (5.0.2) lib/action_dispatch/middleware/show_exceptions.rb:31:in `call'
railties (5.0.2) lib/rails/rack/logger.rb:36:in `call_app'
railties (5.0.2) lib/rails/rack/logger.rb:24:in `block in call'
activesupport (5.0.2) lib/active_support/tagged_logging.rb:69:in `block in tagged'
activesupport (5.0.2) lib/active_support/tagged_logging.rb:26:in `tagged'
activesupport (5.0.2) lib/active_support/tagged_logging.rb:69:in `tagged'
railties (5.0.2) lib/rails/rack/logger.rb:24:in `call'
sprockets-rails (3.2.0) lib/sprockets/rails/quiet_assets.rb:13:in `call'
actionpack (5.0.2) lib/action_dispatch/middleware/request_id.rb:24:in `call'
rack (2.0.1) lib/rack/method_override.rb:22:in `call'
rack (2.0.1) lib/rack/runtime.rb:22:in `call'
activesupport (5.0.2) lib/active_support/cache/strategy/local_cache_middleware.rb:28:in `call'
actionpack (5.0.2) lib/action_dispatch/middleware/executor.rb:12:in `call'
actionpack (5.0.2) lib/action_dispatch/middleware/static.rb:136:in `call'
rack (2.0.1) lib/rack/sendfile.rb:111:in `call'
railties (5.0.2) lib/rails/engine.rb:522:in `call'
puma (3.8.2) lib/puma/configuration.rb:224:in `call'
puma (3.8.2) lib/puma/server.rb:600:in `handle_request'
puma (3.8.2) lib/puma/server.rb:435:in `process_client'
puma (3.8.2) lib/puma/server.rb:299:in `block in run'
puma (3.8.2) lib/puma/thread_pool.rb:120:in `block in spawn_thread'
  Rendering /home/niv/.rbenv/versions/2.4.0/lib/ruby/gems/2.4.0/gems/actionpack-5.0.2/lib/action_dispatch/middleware/templates/rescues/diagnostics.html.erb within rescues/layout
  Rendering /home/niv/.rbenv/versions/2.4.0/lib/ruby/gems/2.4.0/gems/actionpack-5.0.2/lib/action_dispatch/middleware/templates/rescues/_source.html.erb
  Rendered /home/niv/.rbenv/versions/2.4.0/lib/ruby/gems/2.4.0/gems/actionpack-5.0.2/lib/action_dispatch/middleware/templates/rescues/_source.html.erb (4.1ms)
  Rendering /home/niv/.rbenv/versions/2.4.0/lib/ruby/gems/2.4.0/gems/actionpack-5.0.2/lib/action_dispatch/middleware/templates/rescues/_trace.html.erb
  Rendered /home/niv/.rbenv/versions/2.4.0/lib/ruby/gems/2.4.0/gems/actionpack-5.0.2/lib/action_dispatch/middleware/templates/rescues/_trace.html.erb (4.0ms)
  Rendering /home/niv/.rbenv/versions/2.4.0/lib/ruby/gems/2.4.0/gems/actionpack-5.0.2/lib/action_dispatch/middleware/templates/rescues/_request_and_response.html.erb
  Rendered /home/niv/.rbenv/versions/2.4.0/lib/ruby/gems/2.4.0/gems/actionpack-5.0.2/lib/action_dispatch/middleware/templates/rescues/_request_and_response.html.erb (1.2ms)
  Rendered /home/niv/.rbenv/versions/2.4.0/lib/ruby/gems/2.4.0/gems/actionpack-5.0.2/lib/action_dispatch/middleware/templates/rescues/diagnostics.html.erb within rescues/layout (135.9ms)
  [1m[35m (1.6ms)[0m  [1m[34mSELECT pg_try_advisory_lock(7229375787370354800);[0m
  [1m[36mActiveRecord::SchemaMigration Load (0.9ms)[0m  [1m[34mSELECT "schema_migrations".* FROM "schema_migrations"[0m
  [1m[36mActiveRecord::InternalMetadata Load (2.1ms)[0m  [1m[34mSELECT  "ar_internal_metadata".* FROM "ar_internal_metadata" WHERE "ar_internal_metadata"."key" = $1 LIMIT $2[0m  [["key", :environment], ["LIMIT", 1]]
  [1m[35m (0.6ms)[0m  [1m[35mBEGIN[0m
  [1m[35m (0.5ms)[0m  [1m[35mCOMMIT[0m
  [1m[35m (0.7ms)[0m  [1m[34mSELECT pg_advisory_unlock(7229375787370354800)[0m
  [1m[36mActiveRecord::SchemaMigration Load (0.7ms)[0m  [1m[34mSELECT "schema_migrations".* FROM "schema_migrations"[0m
Started GET "/proyects/2" for 127.0.0.1 at 2017-05-13 23:19:31 -0300
  
PG::ConnectionBad (fe_sendauth: no password supplied
):
  
activerecord (5.0.2) lib/active_record/connection_adapters/postgresql_adapter.rb:671:in `initialize'
activerecord (5.0.2) lib/active_record/connection_adapters/postgresql_adapter.rb:671:in `new'
activerecord (5.0.2) lib/active_record/connection_adapters/postgresql_adapter.rb:671:in `connect'
activerecord (5.0.2) lib/active_record/connection_adapters/postgresql_adapter.rb:217:in `initialize'
activerecord (5.0.2) lib/active_record/connection_adapters/postgresql_adapter.rb:37:in `new'
activerecord (5.0.2) lib/active_record/connection_adapters/postgresql_adapter.rb:37:in `postgresql_connection'
activerecord (5.0.2) lib/active_record/connection_adapters/abstract/connection_pool.rb:729:in `new_connection'
activerecord (5.0.2) lib/active_record/connection_adapters/abstract/connection_pool.rb:773:in `checkout_new_connection'
activerecord (5.0.2) lib/active_record/connection_adapters/abstract/connection_pool.rb:752:in `try_to_checkout_new_connection'
activerecord (5.0.2) lib/active_record/connection_adapters/abstract/connection_pool.rb:713:in `acquire_connection'
activerecord (5.0.2) lib/active_record/connection_adapters/abstract/connection_pool.rb:490:in `checkout'
activerecord (5.0.2) lib/active_record/connection_adapters/abstract/connection_pool.rb:364:in `connection'
activerecord (5.0.2) lib/active_record/connection_adapters/abstract/connection_pool.rb:883:in `retrieve_connection'
activerecord (5.0.2) lib/active_record/connection_handling.rb:128:in `retrieve_connection'
activerecord (5.0.2) lib/active_record/connection_handling.rb:91:in `connection'
activerecord (5.0.2) lib/active_record/migration.rb:559:in `connection'
activerecord (5.0.2) lib/active_record/migration.rb:546:in `call'
actionpack (5.0.2) lib/action_dispatch/middleware/callbacks.rb:38:in `block in call'
activesupport (5.0.2) lib/active_support/callbacks.rb:97:in `__run_callbacks__'
activesupport (5.0.2) lib/active_support/callbacks.rb:750:in `_run_call_callbacks'
activesupport (5.0.2) lib/active_support/callbacks.rb:90:in `run_callbacks'
actionpack (5.0.2) lib/action_dispatch/middleware/callbacks.rb:36:in `call'
actionpack (5.0.2) lib/action_dispatch/middleware/executor.rb:12:in `call'
actionpack (5.0.2) lib/action_dispatch/middleware/remote_ip.rb:79:in `call'
actionpack (5.0.2) lib/action_dispatch/middleware/debug_exceptions.rb:49:in `call'
web-console (3.5.0) lib/web_console/middleware.rb:135:in `call_app'
web-console (3.5.0) lib/web_console/middleware.rb:28:in `block in call'
web-console (3.5.0) lib/web_console/middleware.rb:18:in `catch'
web-console (3.5.0) lib/web_console/middleware.rb:18:in `call'
actionpack (5.0.2) lib/action_dispatch/middleware/show_exceptions.rb:31:in `call'
railties (5.0.2) lib/rails/rack/logger.rb:36:in `call_app'
railties (5.0.2) lib/rails/rack/logger.rb:24:in `block in call'
activesupport (5.0.2) lib/active_support/tagged_logging.rb:69:in `block in tagged'
activesupport (5.0.2) lib/active_support/tagged_logging.rb:26:in `tagged'
activesupport (5.0.2) lib/active_support/tagged_logging.rb:69:in `tagged'
railties (5.0.2) lib/rails/rack/logger.rb:24:in `call'
sprockets-rails (3.2.0) lib/sprockets/rails/quiet_assets.rb:13:in `call'
actionpack (5.0.2) lib/action_dispatch/middleware/request_id.rb:24:in `call'
rack (2.0.1) lib/rack/method_override.rb:22:in `call'
rack (2.0.1) lib/rack/runtime.rb:22:in `call'
activesupport (5.0.2) lib/active_support/cache/strategy/local_cache_middleware.rb:28:in `call'
actionpack (5.0.2) lib/action_dispatch/middleware/executor.rb:12:in `call'
actionpack (5.0.2) lib/action_dispatch/middleware/static.rb:136:in `call'
rack (2.0.1) lib/rack/sendfile.rb:111:in `call'
railties (5.0.2) lib/rails/engine.rb:522:in `call'
puma (3.8.2) lib/puma/configuration.rb:224:in `call'
puma (3.8.2) lib/puma/server.rb:600:in `handle_request'
puma (3.8.2) lib/puma/server.rb:435:in `process_client'
puma (3.8.2) lib/puma/server.rb:299:in `block in run'
puma (3.8.2) lib/puma/thread_pool.rb:120:in `block in spawn_thread'
  Rendering /home/niv/.rbenv/versions/2.4.0/lib/ruby/gems/2.4.0/gems/actionpack-5.0.2/lib/action_dispatch/middleware/templates/rescues/diagnostics.html.erb within rescues/layout
  Rendering /home/niv/.rbenv/versions/2.4.0/lib/ruby/gems/2.4.0/gems/actionpack-5.0.2/lib/action_dispatch/middleware/templates/rescues/_source.html.erb
  Rendered /home/niv/.rbenv/versions/2.4.0/lib/ruby/gems/2.4.0/gems/actionpack-5.0.2/lib/action_dispatch/middleware/templates/rescues/_source.html.erb (3.1ms)
  Rendering /home/niv/.rbenv/versions/2.4.0/lib/ruby/gems/2.4.0/gems/actionpack-5.0.2/lib/action_dispatch/middleware/templates/rescues/_trace.html.erb
  Rendered /home/niv/.rbenv/versions/2.4.0/lib/ruby/gems/2.4.0/gems/actionpack-5.0.2/lib/action_dispatch/middleware/templates/rescues/_trace.html.erb (2.8ms)
  Rendering /home/niv/.rbenv/versions/2.4.0/lib/ruby/gems/2.4.0/gems/actionpack-5.0.2/lib/action_dispatch/middleware/templates/rescues/_request_and_response.html.erb
  Rendered /home/niv/.rbenv/versions/2.4.0/lib/ruby/gems/2.4.0/gems/actionpack-5.0.2/lib/action_dispatch/middleware/templates/rescues/_request_and_response.html.erb (2.2ms)
  Rendered /home/niv/.rbenv/versions/2.4.0/lib/ruby/gems/2.4.0/gems/actionpack-5.0.2/lib/action_dispatch/middleware/templates/rescues/diagnostics.html.erb within rescues/layout (123.5ms)
  [1m[35m (0.4ms)[0m  [1m[34mSELECT pg_try_advisory_lock(7229375787370354800);[0m
  [1m[36mActiveRecord::SchemaMigration Load (1.0ms)[0m  [1m[34mSELECT "schema_migrations".* FROM "schema_migrations"[0m
  [1m[36mActiveRecord::InternalMetadata Load (0.8ms)[0m  [1m[34mSELECT  "ar_internal_metadata".* FROM "ar_internal_metadata" WHERE "ar_internal_metadata"."key" = $1 LIMIT $2[0m  [["key", :environment], ["LIMIT", 1]]
  [1m[35m (0.6ms)[0m  [1m[35mBEGIN[0m
  [1m[35m (0.6ms)[0m  [1m[35mCOMMIT[0m
  [1m[35m (0.9ms)[0m  [1m[34mSELECT pg_advisory_unlock(7229375787370354800)[0m
  [1m[36mActiveRecord::SchemaMigration Load (0.7ms)[0m  [1m[34mSELECT "schema_migrations".* FROM "schema_migrations"[0m
  [1m[35m (0.2ms)[0m  [1m[34mSELECT pg_try_advisory_lock(7229375787370354800);[0m
  [1m[36mActiveRecord::SchemaMigration Load (0.9ms)[0m  [1m[34mSELECT "schema_migrations".* FROM "schema_migrations"[0m
  [1m[36mActiveRecord::InternalMetadata Load (0.2ms)[0m  [1m[34mSELECT  "ar_internal_metadata".* FROM "ar_internal_metadata" WHERE "ar_internal_metadata"."key" = $1 LIMIT $2[0m  [["key", :environment], ["LIMIT", 1]]
  [1m[35m (0.1ms)[0m  [1m[35mBEGIN[0m
  [1m[35m (0.1ms)[0m  [1m[35mCOMMIT[0m
  [1m[35m (0.3ms)[0m  [1m[34mSELECT pg_advisory_unlock(7229375787370354800)[0m
  [1m[36mActiveRecord::SchemaMigration Load (0.2ms)[0m  [1m[34mSELECT "schema_migrations".* FROM "schema_migrations"[0m
Started GET "/proyects/2" for 127.0.0.1 at 2017-05-13 23:21:46 -0300
  [1m[36mActiveRecord::SchemaMigration Load (0.6ms)[0m  [1m[34mSELECT "schema_migrations".* FROM "schema_migrations"[0m
Processing by ProyectsController#show as HTML
  Parameters: {"id"=>"2"}
  [1m[36mProyect Load (0.9ms)[0m  [1m[34mSELECT  "proyects".* FROM "proyects" WHERE "proyects"."id" = $1 LIMIT $2[0m  [["id", 2], ["LIMIT", 1]]
  Rendering proyects/show.html.erb within layouts/application
  [1m[36mUser Load (1.9ms)[0m  [1m[34mSELECT  "users".* FROM "users" WHERE "users"."id" = $1 LIMIT $2[0m  [["id", 6], ["LIMIT", 1]]
  [1m[36mComment Load (0.5ms)[0m  [1m[34mSELECT "comments".* FROM "comments" WHERE "comments"."proyect_id" = $1[0m  [["proyect_id", 2]]
  [1m[36mUser Load (0.4ms)[0m  [1m[34mSELECT  "users".* FROM "users" WHERE "users"."id" = $1 LIMIT $2[0m  [["id", 6], ["LIMIT", 1]]
  Rendered comments/_preview.html.erb (121.0ms)
  [1m[36mUser Load (0.6ms)[0m  [1m[34mSELECT  "users".* FROM "users" WHERE "users"."id" = $1 LIMIT $2[0m  [["id", 6], ["LIMIT", 1]]
  Rendered comments/_preview.html.erb (17.0ms)
  [1m[36mUser Load (1.3ms)[0m  [1m[34mSELECT  "users".* FROM "users" WHERE "users"."id" = $1 LIMIT $2[0m  [["id", 4], ["LIMIT", 1]]
  Rendered comments/_preview.html.erb (7.7ms)
  Rendered comments/_form_create_on_project_page.html.erb (1015.7ms)
  Rendered proyects/show.html.erb within layouts/application (2824.8ms)
  Rendered layouts/_userbar.html.erb (5.5ms)
Completed 200 OK in 10185ms (Views: 9412.7ms | ActiveRecord: 24.2ms)


Started GET "/proyects/2/comments/64/edit" for 127.0.0.1 at 2017-05-13 23:22:12 -0300
Processing by CommentsController#edit as HTML
  Parameters: {"proyect_id"=>"2", "id"=>"64"}
  [1m[36mProyect Load (1.7ms)[0m  [1m[34mSELECT  "proyects".* FROM "proyects" WHERE "proyects"."id" = $1 LIMIT $2[0m  [["id", 2], ["LIMIT", 1]]
  [1m[36mComment Load (1.0ms)[0m  [1m[34mSELECT  "comments".* FROM "comments" WHERE "comments"."proyect_id" = $1 AND "comments"."id" = $2 LIMIT $3[0m  [["proyect_id", 2], ["id", 64], ["LIMIT", 1]]
  [1m[36mUser Load (0.8ms)[0m  [1m[34mSELECT  "users".* FROM "users" WHERE "users"."id" = $1 LIMIT $2[0m  [["id", 6], ["LIMIT", 1]]
  [1m[36mCACHE (0.0ms)[0m  [1m[34mSELECT  "proyects".* FROM "proyects" WHERE "proyects"."id" = $1 LIMIT $2[0m  [["id", 2], ["LIMIT", 1]]
  Rendering comments/edit.html.erb within layouts/application
  Rendered comments/_form.html.erb (2.2ms)
  Rendered comments/edit.html.erb within layouts/application (134.0ms)
  Rendered layouts/_userbar.html.erb (1.5ms)
Completed 200 OK in 2415ms (Views: 2254.2ms | ActiveRecord: 3.5ms)


Started GET "/proyects/2" for 127.0.0.1 at 2017-05-13 23:22:16 -0300
Processing by ProyectsController#show as HTML
  Parameters: {"id"=>"2"}
  [1m[36mProyect Load (1.1ms)[0m  [1m[34mSELECT  "proyects".* FROM "proyects" WHERE "proyects"."id" = $1 LIMIT $2[0m  [["id", 2], ["LIMIT", 1]]
  Rendering proyects/show.html.erb within layouts/application
  [1m[36mUser Load (0.6ms)[0m  [1m[34mSELECT  "users".* FROM "users" WHERE "users"."id" = $1 LIMIT $2[0m  [["id", 6], ["LIMIT", 1]]
  [1m[36mComment Load (0.3ms)[0m  [1m[34mSELECT "comments".* FROM "comments" WHERE "comments"."proyect_id" = $1[0m  [["proyect_id", 2]]
  [1m[36mCACHE (0.0ms)[0m  [1m[34mSELECT  "users".* FROM "users" WHERE "users"."id" = $1 LIMIT $2[0m  [["id", 6], ["LIMIT", 1]]
  Rendered comments/_preview.html.erb (4.4ms)
  [1m[36mCACHE (0.0ms)[0m  [1m[34mSELECT  "users".* FROM "users" WHERE "users"."id" = $1 LIMIT $2[0m  [["id", 6], ["LIMIT", 1]]
  Rendered comments/_preview.html.erb (3.3ms)
  [1m[36mUser Load (0.3ms)[0m  [1m[34mSELECT  "users".* FROM "users" WHERE "users"."id" = $1 LIMIT $2[0m  [["id", 4], ["LIMIT", 1]]
  Rendered comments/_preview.html.erb (3.9ms)
  Rendered comments/_form_create_on_project_page.html.erb (10.5ms)
  Rendered proyects/show.html.erb within layouts/application (731.8ms)
  Rendered layouts/_userbar.html.erb (1.7ms)
Completed 200 OK in 2902ms (Views: 2757.2ms | ActiveRecord: 2.7ms)


Started DELETE "/proyects/2/comments/64" for 127.0.0.1 at 2017-05-13 23:22:20 -0300
Processing by CommentsController#destroy as HTML
  Parameters: {"authenticity_token"=>"KYxjOmBLz0xP+wqROdYk6UWOZbnZIb0NFHNoP5AlRAI8dL4MG9YRx7W/N326p/lO5PkixphuHhMITx7+udHsrA==", "proyect_id"=>"2", "id"=>"64"}
  [1m[36mProyect Load (0.5ms)[0m  [1m[34mSELECT  "proyects".* FROM "proyects" WHERE "proyects"."id" = $1 LIMIT $2[0m  [["id", 2], ["LIMIT", 1]]
  [1m[36mComment Load (0.6ms)[0m  [1m[34mSELECT  "comments".* FROM "comments" WHERE "comments"."proyect_id" = $1 AND "comments"."id" = $2 LIMIT $3[0m  [["proyect_id", 2], ["id", 64], ["LIMIT", 1]]
  [1m[36mUser Load (1.4ms)[0m  [1m[34mSELECT  "users".* FROM "users" WHERE "users"."id" = $1 LIMIT $2[0m  [["id", 6], ["LIMIT", 1]]
  [1m[36mCACHE (0.0ms)[0m  [1m[34mSELECT  "proyects".* FROM "proyects" WHERE "proyects"."id" = $1 LIMIT $2[0m  [["id", 2], ["LIMIT", 1]]
  [1m[35m (1.5ms)[0m  [1m[35mBEGIN[0m
  [1m[35mSQL (0.7ms)[0m  [1m[31mDELETE FROM "comments" WHERE "comments"."id" = $1[0m  [["id", 64]]
  [1m[35m (31.0ms)[0m  [1m[35mCOMMIT[0m
Redirected to http://localhost:3000/proyects/2/comments
Completed 302 Found in 61ms (ActiveRecord: 35.7ms)


Started GET "/proyects/2/comments" for 127.0.0.1 at 2017-05-13 23:22:20 -0300
Processing by CommentsController#index as HTML
  Parameters: {"proyect_id"=>"2"}
  [1m[36mProyect Load (2.0ms)[0m  [1m[34mSELECT  "proyects".* FROM "proyects" WHERE "proyects"."id" = $1 LIMIT $2[0m  [["id", 2], ["LIMIT", 1]]
  Rendering comments/index.html.erb within layouts/application
  [1m[36mComment Load (1.2ms)[0m  [1m[34mSELECT "comments".* FROM "comments" WHERE "comments"."proyect_id" = $1[0m  [["proyect_id", 2]]
  [1m[36mUser Load (1.2ms)[0m  [1m[34mSELECT  "users".* FROM "users" WHERE "users"."id" = $1 LIMIT $2[0m  [["id", 6], ["LIMIT", 1]]
  Rendered comments/index.html.erb within layouts/application (82.1ms)
  Rendered layouts/_userbar.html.erb (7.1ms)
Completed 200 OK in 2236ms (Views: 2084.2ms | ActiveRecord: 4.4ms)


Started GET "/proyects/2" for 127.0.0.1 at 2017-05-13 23:22:37 -0300
Processing by ProyectsController#show as HTML
  Parameters: {"id"=>"2"}
  [1m[36mProyect Load (4.9ms)[0m  [1m[34mSELECT  "proyects".* FROM "proyects" WHERE "proyects"."id" = $1 LIMIT $2[0m  [["id", 2], ["LIMIT", 1]]
  Rendering proyects/show.html.erb within layouts/application
  [1m[36mUser Load (1.0ms)[0m  [1m[34mSELECT  "users".* FROM "users" WHERE "users"."id" = $1 LIMIT $2[0m  [["id", 6], ["LIMIT", 1]]
  [1m[36mComment Load (0.8ms)[0m  [1m[34mSELECT "comments".* FROM "comments" WHERE "comments"."proyect_id" = $1[0m  [["proyect_id", 2]]
  [1m[36mCACHE (0.0ms)[0m  [1m[34mSELECT  "users".* FROM "users" WHERE "users"."id" = $1 LIMIT $2[0m  [["id", 6], ["LIMIT", 1]]
  Rendered comments/_preview.html.erb (8.8ms)
  [1m[36mUser Load (1.5ms)[0m  [1m[34mSELECT  "users".* FROM "users" WHERE "users"."id" = $1 LIMIT $2[0m  [["id", 4], ["LIMIT", 1]]
  Rendered comments/_preview.html.erb (4.3ms)
  Rendered comments/_form_create_on_project_page.html.erb (3.2ms)
  Rendered proyects/show.html.erb within layouts/application (526.2ms)
  Rendered layouts/_userbar.html.erb (2.0ms)
Completed 200 OK in 3124ms (Views: 2936.2ms | ActiveRecord: 8.2ms)


Started GET "/proyects/2" for 127.0.0.1 at 2017-05-13 23:23:48 -0300
  [1m[36mActiveRecord::SchemaMigration Load (1.1ms)[0m  [1m[34mSELECT "schema_migrations".* FROM "schema_migrations"[0m
Processing by ProyectsController#show as HTML
  Parameters: {"id"=>"2"}
  [1m[36mProyect Load (1.1ms)[0m  [1m[34mSELECT  "proyects".* FROM "proyects" WHERE "proyects"."id" = $1 LIMIT $2[0m  [["id", 2], ["LIMIT", 1]]
  Rendering proyects/show.html.erb within layouts/application
  [1m[36mUser Load (0.8ms)[0m  [1m[34mSELECT  "users".* FROM "users" WHERE "users"."id" = $1 LIMIT $2[0m  [["id", 6], ["LIMIT", 1]]
  [1m[36mComment Load (0.8ms)[0m  [1m[34mSELECT "comments".* FROM "comments" WHERE "comments"."proyect_id" = $1[0m  [["proyect_id", 2]]
  [1m[36mUser Load (0.8ms)[0m  [1m[34mSELECT  "users".* FROM "users" WHERE "users"."id" = $1 LIMIT $2[0m  [["id", 6], ["LIMIT", 1]]
  Rendered comments/_preview.html.erb (127.8ms)
  [1m[36mUser Load (1.2ms)[0m  [1m[34mSELECT  "users".* FROM "users" WHERE "users"."id" = $1 LIMIT $2[0m  [["id", 4], ["LIMIT", 1]]
  Rendered comments/_preview.html.erb (6.0ms)
  Rendered comments/_form_create_on_project_page.html.erb (1027.4ms)
  Rendered proyects/show.html.erb within layouts/application (2628.2ms)
  Rendered layouts/_userbar.html.erb (0.9ms)
Completed 200 OK in 9990ms (Views: 9238.1ms | ActiveRecord: 26.1ms)


Started POST "/proyects/2/comments" for 127.0.0.1 at 2017-05-13 23:24:46 -0300
Processing by CommentsController#create as HTML
  Parameters: {"utf8"=>"✓", "authenticity_token"=>"SQm2FhbKxG8VSdPXtM9KNuC9b6o4ev0q9NREudaN0GBc8WsgbVca5O8N7js3vpeRQcoo1Xk1XjTo6DJ4/3l4zg==", "comment"=>{"comment_text"=>"Tyrosh es bacán"}, "commit"=>"Create Comment", "proyect_id"=>"2"}
  [1m[36mUser Load (0.6ms)[0m  [1m[34mSELECT  "users".* FROM "users" WHERE "users"."id" = $1 LIMIT $2[0m  [["id", 6], ["LIMIT", 1]]
  [1m[36mProyect Load (0.3ms)[0m  [1m[34mSELECT  "proyects".* FROM "proyects" WHERE "proyects"."id" = $1 LIMIT $2[0m  [["id", 2], ["LIMIT", 1]]
  [1m[35m (0.1ms)[0m  [1m[35mBEGIN[0m
  [1m[35mSQL (1.2ms)[0m  [1m[32mINSERT INTO "comments" ("comment_text", "comment_date", "created_at", "updated_at", "user_id", "proyect_id") VALUES ($1, $2, $3, $4, $5, $6) RETURNING "id"[0m  [["comment_text", "Tyrosh es bacán"], ["comment_date", 2017-05-13 00:00:00 UTC], ["created_at", 2017-05-14 02:24:47 UTC], ["updated_at", 2017-05-14 02:24:47 UTC], ["user_id", 6], ["proyect_id", 2]]
  [1m[35m (38.8ms)[0m  [1m[35mCOMMIT[0m
Redirected to http://localhost:3000/proyects/2
Completed 302 Found in 73ms (ActiveRecord: 41.3ms)


Started GET "/proyects/2" for 127.0.0.1 at 2017-05-13 23:24:47 -0300
Processing by ProyectsController#show as HTML
  Parameters: {"id"=>"2"}
  [1m[36mProyect Load (0.4ms)[0m  [1m[34mSELECT  "proyects".* FROM "proyects" WHERE "proyects"."id" = $1 LIMIT $2[0m  [["id", 2], ["LIMIT", 1]]
  Rendering proyects/show.html.erb within layouts/application
  [1m[36mUser Load (0.7ms)[0m  [1m[34mSELECT  "users".* FROM "users" WHERE "users"."id" = $1 LIMIT $2[0m  [["id", 6], ["LIMIT", 1]]
  [1m[36mComment Load (0.6ms)[0m  [1m[34mSELECT "comments".* FROM "comments" WHERE "comments"."proyect_id" = $1[0m  [["proyect_id", 2]]
  [1m[36mCACHE (0.0ms)[0m  [1m[34mSELECT  "users".* FROM "users" WHERE "users"."id" = $1 LIMIT $2[0m  [["id", 6], ["LIMIT", 1]]
  Rendered comments/_preview.html.erb (3.8ms)
  [1m[36mCACHE (0.0ms)[0m  [1m[34mSELECT  "users".* FROM "users" WHERE "users"."id" = $1 LIMIT $2[0m  [["id", 6], ["LIMIT", 1]]
  Rendered comments/_preview.html.erb (5.4ms)
  [1m[36mUser Load (8.0ms)[0m  [1m[34mSELECT  "users".* FROM "users" WHERE "users"."id" = $1 LIMIT $2[0m  [["id", 4], ["LIMIT", 1]]
  Rendered comments/_preview.html.erb (14.0ms)
  Rendered comments/_form_create_on_project_page.html.erb (2.3ms)
  Rendered proyects/show.html.erb within layouts/application (594.0ms)
  Rendered layouts/_userbar.html.erb (5.0ms)
Completed 200 OK in 2612ms (Views: 2408.6ms | ActiveRecord: 9.8ms)


Started GET "/proyects/2/comments/70/edit" for 127.0.0.1 at 2017-05-13 23:24:54 -0300
Processing by CommentsController#edit as HTML
  Parameters: {"proyect_id"=>"2", "id"=>"70"}
  [1m[36mProyect Load (3.4ms)[0m  [1m[34mSELECT  "proyects".* FROM "proyects" WHERE "proyects"."id" = $1 LIMIT $2[0m  [["id", 2], ["LIMIT", 1]]
  [1m[36mComment Load (15.9ms)[0m  [1m[34mSELECT  "comments".* FROM "comments" WHERE "comments"."proyect_id" = $1 AND "comments"."id" = $2 LIMIT $3[0m  [["proyect_id", 2], ["id", 70], ["LIMIT", 1]]
  [1m[36mUser Load (2.3ms)[0m  [1m[34mSELECT  "users".* FROM "users" WHERE "users"."id" = $1 LIMIT $2[0m  [["id", 6], ["LIMIT", 1]]
  [1m[36mCACHE (0.0ms)[0m  [1m[34mSELECT  "proyects".* FROM "proyects" WHERE "proyects"."id" = $1 LIMIT $2[0m  [["id", 2], ["LIMIT", 1]]
  Rendering comments/edit.html.erb within layouts/application
  Rendered comments/_form.html.erb (2.6ms)
  Rendered comments/edit.html.erb within layouts/application (158.9ms)
  Rendered layouts/_userbar.html.erb (1.6ms)
Completed 200 OK in 2564ms (Views: 2372.3ms | ActiveRecord: 21.7ms)


Started GET "/proyects/2" for 127.0.0.1 at 2017-05-13 23:24:59 -0300
Processing by ProyectsController#show as HTML
  Parameters: {"id"=>"2"}
  [1m[36mProyect Load (4.6ms)[0m  [1m[34mSELECT  "proyects".* FROM "proyects" WHERE "proyects"."id" = $1 LIMIT $2[0m  [["id", 2], ["LIMIT", 1]]
  Rendering proyects/show.html.erb within layouts/application
  [1m[36mUser Load (0.6ms)[0m  [1m[34mSELECT  "users".* FROM "users" WHERE "users"."id" = $1 LIMIT $2[0m  [["id", 6], ["LIMIT", 1]]
  [1m[36mComment Load (0.5ms)[0m  [1m[34mSELECT "comments".* FROM "comments" WHERE "comments"."proyect_id" = $1[0m  [["proyect_id", 2]]
  [1m[36mCACHE (0.0ms)[0m  [1m[34mSELECT  "users".* FROM "users" WHERE "users"."id" = $1 LIMIT $2[0m  [["id", 6], ["LIMIT", 1]]
  Rendered comments/_preview.html.erb (8.6ms)
  [1m[36mCACHE (0.0ms)[0m  [1m[34mSELECT  "users".* FROM "users" WHERE "users"."id" = $1 LIMIT $2[0m  [["id", 6], ["LIMIT", 1]]
  Rendered comments/_preview.html.erb (5.8ms)
  [1m[36mUser Load (1.7ms)[0m  [1m[34mSELECT  "users".* FROM "users" WHERE "users"."id" = $1 LIMIT $2[0m  [["id", 4], ["LIMIT", 1]]
  Rendered comments/_preview.html.erb (8.9ms)
  Rendered comments/_form_create_on_project_page.html.erb (2.9ms)
  Rendered proyects/show.html.erb within layouts/application (762.4ms)
Started GET "/proyects" for 127.0.0.1 at 2017-05-13 23:25:01 -0300
Processing by ProyectsController#index as HTML
  Rendering proyects/index.html.erb within layouts/application
  [1m[36mProyect Load (1.8ms)[0m  [1m[34mSELECT "proyects".* FROM "proyects"[0m
  [1m[36mUser Load (1.4ms)[0m  [1m[34mSELECT  "users".* FROM "users" WHERE "users"."id" = $1 LIMIT $2[0m  [["id", 6], ["LIMIT", 1]]
  Rendered proyects/_preview.html.erb (11.1ms)
  Rendered proyects/_preview.html.erb (0.5ms)
  Rendered proyects/_preview.html.erb (0.6ms)
  Rendered proyects/_preview.html.erb (1.0ms)
  Rendered proyects/_preview.html.erb (0.4ms)
  Rendered proyects/_preview.html.erb (0.4ms)
  Rendered layouts/_userbar.html.erb (3.3ms)
Completed 200 OK in 4969ms (Views: 4794.2ms | ActiveRecord: 7.4ms)


  Rendered proyects/_preview.html.erb (2.7ms)
  Rendered proyects/_preview.html.erb (0.4ms)
  Rendered proyects/_preview.html.erb (1.1ms)
  Rendered proyects/_preview.html.erb (6.0ms)
  Rendered proyects/_preview.html.erb (1.0ms)
  Rendered proyects/_preview.html.erb (0.5ms)
  Rendered proyects/_preview.html.erb (0.6ms)
  Rendered proyects/_preview.html.erb (0.3ms)
  Rendered proyects/_preview.html.erb (0.6ms)
  Rendered proyects/_preview.html.erb (0.5ms)
  Rendered proyects/_preview.html.erb (0.6ms)
  Rendered proyects/_preview.html.erb (0.6ms)
  Rendered proyects/_preview.html.erb (0.6ms)
  Rendered proyects/_preview.html.erb (0.3ms)
  Rendered proyects/_preview.html.erb (1.1ms)
  Rendered proyects/_preview.html.erb (0.5ms)
  Rendered proyects/_preview.html.erb (1.0ms)
  Rendered proyects/_preview.html.erb (0.4ms)
  Rendered proyects/_preview.html.erb (0.6ms)
  Rendered proyects/_preview.html.erb (0.7ms)
  Rendered proyects/_preview.html.erb (0.6ms)
  Rendered proyects/_preview.html.erb (0.5ms)
  Rendered proyects/_preview.html.erb (1.0ms)
  Rendered proyects/_preview.html.erb (0.7ms)
  Rendered proyects/index.html.erb within layouts/application (5470.7ms)
  Rendered layouts/_userbar.html.erb (2.0ms)
Completed 200 OK in 7979ms (Views: 7725.5ms | ActiveRecord: 3.2ms)


